#
# A fatal error has been detected by the Java Runtime Environment:
#
#  EXCEPTION_ACCESS_VIOLATION (0xc0000005) at pc=0x0000000055e74609, pid=10704, tid=8892
#
# JRE version: Java(TM) SE Runtime Environment (7.0_55-b13) (build 1.7.0_55-b13)
# Java VM: Java HotSpot(TM) 64-Bit Server VM (24.55-b03 mixed mode windows-amd64 compressed oops)
# Problematic frame:
# V  [jvm.dll+0x54609]
#
# Failed to write core dump. Minidumps are not enabled by default on client versions of Windows
#
# If you would like to submit a bug report, please visit:
#   http://bugreport.sun.com/bugreport/crash.jsp
#

---------------  T H R E A D  ---------------

Current thread (0x000000000ab1a000):  JavaThread "JDWP Transport Listener: dt_socket" daemon [_thread_in_vm, id=8892, stack(0x000000000c810000,0x000000000c910000)]

siginfo: ExceptionCode=0xc0000005, reading address 0x000000000000000c

Registers:
RAX=0x000000000000000c, RBX=0x000000000ab1a000, RCX=0x0000000000000003, RDX=0x0000000000000000
RSP=0x000000000c90f2e0, RBP=0x000000000000000c, RSI=0x0000000000000000, RDI=0x0000000000000010
R8 =0x00000007d7c76918, R9 =0x0000000000000000, R10=0x0000000000000000, R11=0x0000000000000001
R12=0x0000000000000000, R13=0x000000000ab0e878, R14=0x0000000000000000, R15=0x0000000000000000
RIP=0x0000000055e74609, EFLAGS=0x0000000000010246

Top of Stack: (sp=0x000000000c90f2e0)
0x000000000c90f2e0:   000000000ab1a000 0000000000000000
0x000000000c90f2f0:   0000000000000000 000000000ab1a000
0x000000000c90f300:   0000000000000000 0000000055f3b427
0x000000000c90f310:   00000007d7c76918 000000000c90f430
0x000000000c90f320:   000000000ab21d20 000000000c90f400
0x000000000c90f330:   000000000ab1a000 0000000000000000
0x000000000c90f340:   000000000ab21d20 000000000c90f430
0x000000000c90f350:   0000000000000000 000000000ab0e878
0x000000000c90f360:   0000000000000000 000000005ff87d15
0x000000000c90f370:   000000000c90f400 000000000c90f430
0x000000000c90f380:   000000000ab21d20 000000000ab1a1e8
0x000000000c90f390:   000000000e20260a 000000005ff8f08c
0x000000000c90f3a0:   000000000a010a01 000000000c90f4a0
0x000000000c90f3b0:   000000000ab0e401 0000000000000007
0x000000000c90f3c0:   0000c08300000013 000000000a010a00
0x000000000c90f3d0:   00000000020e6100 0000000055fabe9a 

Instructions: (pc=0x0000000055e74609)
0x0000000055e745e9:   d2 48 8b c5 eb 18 48 8b d0 48 8b c5 48 d3 e2 48
0x0000000055e745f9:   03 15 b1 72 69 00 eb 06 48 8b 12 48 8b c7 48 98
0x0000000055e74609:   8b 14 10 85 d2 74 2a 45 84 db 4c 63 c6 48 0f 45
0x0000000055e74619:   fd 8d 47 0b 48 63 c8 48 83 e1 f8 48 c1 e9 03 8d 


Register to memory mapping:

RAX=0x000000000000000c is an unknown value
RBX=0x000000000ab1a000 is a thread
RCX=0x0000000000000003 is an unknown value
RDX=0x0000000000000000 is an unknown value
RSP=0x000000000c90f2e0 is pointing into the stack for thread: 0x000000000ab1a000
RBP=0x000000000000000c is an unknown value
RSI=0x0000000000000000 is an unknown value
RDI=0x0000000000000010 is an unknown value
R8 =0x00000007d7c76918 is an oop
java.lang.String 
 - klass: 'java/lang/String'
R9 =0x0000000000000000 is an unknown value
R10=0x0000000000000000 is an unknown value
R11=0x0000000000000001 is an unknown value
R12=0x0000000000000000 is an unknown value
R13=0x000000000ab0e878 is an unknown value
R14=0x0000000000000000 is an unknown value
R15=0x0000000000000000 is an unknown value


Stack: [0x000000000c810000,0x000000000c910000],  sp=0x000000000c90f2e0,  free space=1020k
Native frames: (J=compiled Java code, j=interpreted, Vv=VM code, C=native code)
V  [jvm.dll+0x54609]


---------------  P R O C E S S  ---------------

Java Threads: ( => current thread )
  0x000000000da91800 JavaThread "Timer-0" daemon [_thread_blocked, id=5168, stack(0x000000000fe90000,0x000000000ff90000)]
  0x000000000da91000 JavaThread "deployment-jar-scanner" daemon [_thread_blocked, id=3872, stack(0x000000000fbf0000,0x000000000fcf0000)]
  0x000000000da90000 JavaThread "pool-8-thread-1" daemon [_thread_blocked, id=3724, stack(0x000000000fa10000,0x000000000fb10000)]
  0x000000000dae4800 JavaThread "pool-7-thread-1" daemon [_thread_blocked, id=9324, stack(0x000000000f890000,0x000000000f990000)]
  0x000000000e100000 JavaThread "pool-6-thread-1" daemon [_thread_blocked, id=10560, stack(0x000000000f3c0000,0x000000000f4c0000)]
  0x000000000e63c800 JavaThread "GlassFish Kernel Main Thread" [_thread_blocked, id=9116, stack(0x000000000f650000,0x000000000f750000)]
  0x000000000df84800 JavaThread "AutoDeployer" daemon [_thread_blocked, id=9632, stack(0x000000000d230000,0x000000000d330000)]
  0x000000000d9e7800 JavaThread "transaction-manager" daemon [_thread_blocked, id=11168, stack(0x000000000f4c0000,0x000000000f5c0000)]
  0x000000000d9f7800 JavaThread "pool-5-thread-1" daemon [_thread_blocked, id=6412, stack(0x000000000eee0000,0x000000000efe0000)]
  0x000000000d9f7000 JavaThread "pool-4-thread-1" daemon [_thread_blocked, id=8208, stack(0x000000000f290000,0x000000000f390000)]
  0x000000000e31b800 JavaThread "pool-3-thread-1" daemon [_thread_blocked, id=7920, stack(0x000000000f120000,0x000000000f220000)]
  0x000000000df79800 JavaThread "pool-2-thread-1" daemon [_thread_blocked, id=10408, stack(0x000000000f020000,0x000000000f120000)]
  0x000000000db99000 JavaThread "pool-1-thread-1" daemon [_thread_blocked, id=6788, stack(0x000000000c5f0000,0x000000000c6f0000)]
  0x000000000cf13800 JavaThread "ReaderThread" [_thread_in_native, id=8008, stack(0x000000000de00000,0x000000000df00000)]
  0x000000000cba6800 JavaThread "Service Thread" daemon [_thread_blocked, id=10356, stack(0x000000000d330000,0x000000000d430000)]
  0x000000000ab2f000 JavaThread "C2 CompilerThread1" daemon [_thread_blocked, id=5784, stack(0x000000000d110000,0x000000000d210000)]
  0x000000000ab2d800 JavaThread "C2 CompilerThread0" daemon [_thread_blocked, id=10588, stack(0x000000000cfc0000,0x000000000d0c0000)]
  0x000000000ab2a800 JavaThread "JDWP Command Reader" daemon [_thread_in_native, id=5380, stack(0x000000000c970000,0x000000000ca70000)]
  0x000000000ab26800 JavaThread "JDWP Event Helper Thread" daemon [_thread_blocked, id=10448, stack(0x000000000ca90000,0x000000000cb90000)]
=>0x000000000ab1a000 JavaThread "JDWP Transport Listener: dt_socket" daemon [_thread_in_vm, id=8892, stack(0x000000000c810000,0x000000000c910000)]
  0x000000000ab14000 JavaThread "Attach Listener" daemon [_thread_blocked, id=8896, stack(0x000000000bed0000,0x000000000bfd0000)]
  0x000000000ab0d000 JavaThread "Signal Dispatcher" daemon [_thread_blocked, id=10440, stack(0x000000000bdb0000,0x000000000beb0000)]
  0x000000000aabc800 JavaThread "Finalizer" daemon [_thread_blocked, id=7316, stack(0x000000000bc80000,0x000000000bd80000)]
  0x000000000aab1800 JavaThread "Reference Handler" daemon [_thread_blocked, id=7568, stack(0x000000000bb60000,0x000000000bc60000)]
  0x00000000021bf000 JavaThread "main" [_thread_blocked, id=6152, stack(0x0000000002350000,0x0000000002450000)]

Other Threads:
  0x000000000aaab800 VMThread [stack: 0x000000000ba10000,0x000000000bb10000] [id=10532]
  0x000000000cbb3000 WatcherThread [stack: 0x000000000d4d0000,0x000000000d5d0000] [id=10756]

VM state:not at safepoint (normal execution)

VM Mutex/Monitor currently owned by a thread: None

Heap
 PSYoungGen      total 38400K, used 36531K [0x00000007d5e00000, 0x00000007da900000, 0x0000000800000000)
  eden space 33280K, 94% used [0x00000007d5e00000,0x00000007d7cadcf8,0x00000007d7e80000)
  from space 5120K, 99% used [0x00000007d7e80000,0x00000007d837f130,0x00000007d8380000)
  to   space 5120K, 0% used [0x00000007da400000,0x00000007da400000,0x00000007da900000)
 ParOldGen       total 86016K, used 12786K [0x0000000781a00000, 0x0000000786e00000, 0x00000007d5e00000)
  object space 86016K, 14% used [0x0000000781a00000,0x000000078267c8f0,0x0000000786e00000)
 PSPermGen       total 26112K, used 26023K [0x000000077c800000, 0x000000077e180000, 0x0000000781a00000)
  object space 26112K, 99% used [0x000000077c800000,0x000000077e169c00,0x000000077e180000)

Card table byte_map: [0x0000000005450000,0x0000000005870000] byte_map_base: 0x000000000186c000

Polling page: 0x0000000000130000

Code Cache  [0x0000000002450000, 0x00000000026c0000, 0x0000000005450000)
 total_blobs=677 nmethods=343 adapters=294 free_code_cache=47734Kb largest_free_block=48786240

Compilation events (10 events):
Event: 4.419 Thread 0x000000000ab2d800  359             java.nio.HeapByteBuffer::getShort (18 bytes)
Event: 4.419 Thread 0x000000000ab2f000  360             java.nio.Bits::getShort (18 bytes)
Event: 4.421 Thread 0x000000000ab2f000 nmethod 360 0x0000000002521450 code [0x00000000025215a0, 0x0000000002521788]
Event: 4.421 Thread 0x000000000ab2d800 nmethod 359 0x00000000024e1dd0 code [0x00000000024e1f20, 0x00000000024e20c8]
Event: 4.421 Thread 0x000000000ab2d800  361             java.nio.Bits::getShortB (16 bytes)
Event: 4.421 Thread 0x000000000ab2f000  362             java.nio.Bits::makeShort (12 bytes)
Event: 4.421 Thread 0x000000000ab2f000 nmethod 362 0x00000000025a1710 code [0x00000000025a1840, 0x00000000025a1898]
Event: 4.421 Thread 0x000000000ab2f000  363             java.util.LinkedHashMap::access$100 (5 bytes)
Event: 4.422 Thread 0x000000000ab2f000 nmethod 363 0x00000000025a14d0 code [0x00000000025a1600, 0x00000000025a1678]
Event: 4.422 Thread 0x000000000ab2d800 nmethod 361 0x00000000025a1090 code [0x00000000025a11e0, 0x00000000025a1358]

GC Heap History (6 events):
Event: 1.210 GC heap before
{Heap before GC invocations=1 (full 0):
 PSYoungGen      total 38400K, used 33280K [0x00000007d5e00000, 0x00000007d8880000, 0x0000000800000000)
  eden space 33280K, 100% used [0x00000007d5e00000,0x00000007d7e80000,0x00000007d7e80000)
  from space 5120K, 0% used [0x00000007d8380000,0x00000007d8380000,0x00000007d8880000)
  to   space 5120K, 0% used [0x00000007d7e80000,0x00000007d7e80000,0x00000007d8380000)
 ParOldGen       total 86016K, used 0K [0x0000000781a00000, 0x0000000786e00000, 0x00000007d5e00000)
  object space 86016K, 0% used [0x0000000781a00000,0x0000000781a00000,0x0000000786e00000)
 PSPermGen       total 21504K, used 9694K [0x000000077c800000, 0x000000077dd00000, 0x0000000781a00000)
  object space 21504K, 45% used [0x000000077c800000,0x000000077d177830,0x000000077dd00000)
Event: 1.219 GC heap after
Heap after GC invocations=1 (full 0):
 PSYoungGen      total 38400K, used 5092K [0x00000007d5e00000, 0x00000007d8880000, 0x0000000800000000)
  eden space 33280K, 0% used [0x00000007d5e00000,0x00000007d5e00000,0x00000007d7e80000)
  from space 5120K, 99% used [0x00000007d7e80000,0x00000007d83792e8,0x00000007d8380000)
  to   space 5120K, 0% used [0x00000007d8380000,0x00000007d8380000,0x00000007d8880000)
 ParOldGen       total 86016K, used 2258K [0x0000000781a00000, 0x0000000786e00000, 0x00000007d5e00000)
  object space 86016K, 2% used [0x0000000781a00000,0x0000000781c34ad0,0x0000000786e00000)
 PSPermGen       total 21504K, used 9694K [0x000000077c800000, 0x000000077dd00000, 0x0000000781a00000)
  object space 21504K, 45% used [0x000000077c800000,0x000000077d177830,0x000000077dd00000)
}
Event: 1.896 GC heap before
{Heap before GC invocations=2 (full 0):
 PSYoungGen      total 38400K, used 38372K [0x00000007d5e00000, 0x00000007d8880000, 0x0000000800000000)
  eden space 33280K, 100% used [0x00000007d5e00000,0x00000007d7e80000,0x00000007d7e80000)
  from space 5120K, 99% used [0x00000007d7e80000,0x00000007d83792e8,0x00000007d8380000)
  to   space 5120K, 0% used [0x00000007d8380000,0x00000007d8380000,0x00000007d8880000)
 ParOldGen       total 86016K, used 2258K [0x0000000781a00000, 0x0000000786e00000, 0x00000007d5e00000)
  object space 86016K, 2% used [0x0000000781a00000,0x0000000781c34ad0,0x0000000786e00000)
 PSPermGen       total 21504K, used 14269K [0x000000077c800000, 0x000000077dd00000, 0x0000000781a00000)
  object space 21504K, 66% used [0x000000077c800000,0x000000077d5ef4f8,0x000000077dd00000)
Event: 1.928 GC heap after
Heap after GC invocations=2 (full 0):
 PSYoungGen      total 38400K, used 5100K [0x00000007d5e00000, 0x00000007da900000, 0x0000000800000000)
  eden space 33280K, 0% used [0x00000007d5e00000,0x00000007d5e00000,0x00000007d7e80000)
  from space 5120K, 99% used [0x00000007d8380000,0x00000007d887b120,0x00000007d8880000)
  to   space 5120K, 0% used [0x00000007d7e80000,0x00000007d7e80000,0x00000007d8380000)
 ParOldGen       total 86016K, used 6390K [0x0000000781a00000, 0x0000000786e00000, 0x00000007d5e00000)
  object space 86016K, 7% used [0x0000000781a00000,0x000000078203db50,0x0000000786e00000)
 PSPermGen       total 21504K, used 14269K [0x000000077c800000, 0x000000077dd00000, 0x0000000781a00000)
  object space 21504K, 66% used [0x000000077c800000,0x000000077d5ef4f8,0x000000077dd00000)
}
Event: 3.660 GC heap before
{Heap before GC invocations=3 (full 0):
 PSYoungGen      total 38400K, used 38380K [0x00000007d5e00000, 0x00000007da900000, 0x0000000800000000)
  eden space 33280K, 100% used [0x00000007d5e00000,0x00000007d7e80000,0x00000007d7e80000)
  from space 5120K, 99% used [0x00000007d8380000,0x00000007d887b120,0x00000007d8880000)
  to   space 5120K, 0% used [0x00000007d7e80000,0x00000007d7e80000,0x00000007d8380000)
 ParOldGen       total 86016K, used 6390K [0x0000000781a00000, 0x0000000786e00000, 0x00000007d5e00000)
  object space 86016K, 7% used [0x0000000781a00000,0x000000078203db50,0x0000000786e00000)
 PSPermGen       total 21504K, used 18644K [0x000000077c800000, 0x000000077dd00000, 0x0000000781a00000)
  object space 21504K, 86% used [0x000000077c800000,0x000000077da350d0,0x000000077dd00000)
Event: 3.674 GC heap after
Heap after GC invocations=3 (full 0):
 PSYoungGen      total 38400K, used 5116K [0x00000007d5e00000, 0x00000007da900000, 0x0000000800000000)
  eden space 33280K, 0% used [0x00000007d5e00000,0x00000007d5e00000,0x00000007d7e80000)
  from space 5120K, 99% used [0x00000007d7e80000,0x00000007d837f130,0x00000007d8380000)
  to   space 5120K, 0% used [0x00000007da400000,0x00000007da400000,0x00000007da900000)
 ParOldGen       total 86016K, used 12786K [0x0000000781a00000, 0x0000000786e00000, 0x00000007d5e00000)
  object space 86016K, 14% used [0x0000000781a00000,0x000000078267c8f0,0x0000000786e00000)
 PSPermGen       total 21504K, used 18644K [0x000000077c800000, 0x000000077dd00000, 0x0000000781a00000)
  object space 21504K, 86% used [0x000000077c800000,0x000000077da350d0,0x000000077dd00000)
}

Deoptimization events (10 events):
Event: 4.203 Thread 0x00000000021bf000 Uncommon trap: reason=unhandled action=none pc=0x0000000002596d3c method=java.lang.Class.cast(Ljava/lang/Object;)Ljava/lang/Object; @ 24
Event: 4.215 Thread 0x00000000021bf000 Uncommon trap: reason=unhandled action=none pc=0x0000000002596d3c method=java.lang.Class.cast(Ljava/lang/Object;)Ljava/lang/Object; @ 24
Event: 4.218 Thread 0x00000000021bf000 Uncommon trap: reason=unhandled action=none pc=0x0000000002596d3c method=java.lang.Class.cast(Ljava/lang/Object;)Ljava/lang/Object; @ 24
Event: 4.219 Thread 0x00000000021bf000 Uncommon trap: reason=unhandled action=none pc=0x0000000002596d3c method=java.lang.Class.cast(Ljava/lang/Object;)Ljava/lang/Object; @ 24
Event: 4.220 Thread 0x00000000021bf000 Uncommon trap: reason=unhandled action=none pc=0x0000000002596d3c method=java.lang.Class.cast(Ljava/lang/Object;)Ljava/lang/Object; @ 24
Event: 4.262 Thread 0x00000000021bf000 Uncommon trap: reason=unhandled action=none pc=0x0000000002596d3c method=java.lang.Class.cast(Ljava/lang/Object;)Ljava/lang/Object; @ 24
Event: 4.262 Thread 0x00000000021bf000 Uncommon trap: reason=unhandled action=none pc=0x0000000002596d3c method=java.lang.Class.cast(Ljava/lang/Object;)Ljava/lang/Object; @ 24
Event: 4.263 Thread 0x00000000021bf000 Uncommon trap: reason=unhandled action=none pc=0x0000000002596d3c method=java.lang.Class.cast(Ljava/lang/Object;)Ljava/lang/Object; @ 24
Event: 4.398 Thread 0x00000000021bf000 Uncommon trap: reason=unhandled action=none pc=0x0000000002596d3c method=java.lang.Class.cast(Ljava/lang/Object;)Ljava/lang/Object; @ 24
Event: 4.398 Thread 0x00000000021bf000 Uncommon trap: reason=unhandled action=none pc=0x0000000002596d3c method=java.lang.Class.cast(Ljava/lang/Object;)Ljava/lang/Object; @ 24

Internal exceptions (10 events):
Event: 4.423 Thread 0x00000000021bf000 Threw 0x00000007d7b59978 at C:\re\jdk7u55\869\hotspot\src\share\vm\prims\jvm.cpp:1244
Event: 4.433 Thread 0x00000000021bf000 Threw 0x00000007d7b70590 at C:\re\jdk7u55\869\hotspot\src\share\vm\prims\jvm.cpp:1244
Event: 4.437 Thread 0x00000000021bf000 Threw 0x00000007d7b97b18 at C:\re\jdk7u55\869\hotspot\src\share\vm\prims\jvm.cpp:1244
Event: 4.439 Thread 0x00000000021bf000 Threw 0x00000007d7ba9b50 at C:\re\jdk7u55\869\hotspot\src\share\vm\prims\jvm.cpp:1244
Event: 4.440 Thread 0x00000000021bf000 Threw 0x00000007d7bb3438 at C:\re\jdk7u55\869\hotspot\src\share\vm\prims\jvm.cpp:1244
Event: 4.442 Thread 0x00000000021bf000 Threw 0x00000007d7bc4c28 at C:\re\jdk7u55\869\hotspot\src\share\vm\prims\jvm.cpp:1244
Event: 4.442 Thread 0x00000000021bf000 Threw 0x00000007d7bc8690 at C:\re\jdk7u55\869\hotspot\src\share\vm\prims\jvm.cpp:1244
Event: 4.451 Thread 0x00000000021bf000 Threw 0x00000007d7bc9368 at C:\re\jdk7u55\869\hotspot\src\share\vm\prims\jvm.cpp:1244
Event: 4.452 Thread 0x00000000021bf000 Threw 0x00000007d7bd5018 at C:\re\jdk7u55\869\hotspot\src\share\vm\prims\jvm.cpp:1244
Event: 4.452 Thread 0x00000000021bf000 Threw 0x00000007d7bd9288 at C:\re\jdk7u55\869\hotspot\src\share\vm\prims\jvm.cpp:1244

Events (10 events):
Event: 45.383 Executing VM operation: GetOrSetLocal
Event: 45.383 Executing VM operation: GetOrSetLocal done
Event: 45.453 Executing VM operation: GetOrSetLocal
Event: 45.453 Executing VM operation: GetOrSetLocal done
Event: 45.457 Executing VM operation: GetOrSetLocal
Event: 45.457 Executing VM operation: GetOrSetLocal done
Event: 45.459 Executing VM operation: GetOrSetLocal
Event: 45.459 Executing VM operation: GetOrSetLocal done
Event: 46.181 Executing VM operation: GetOrSetLocal
Event: 46.181 Executing VM operation: GetOrSetLocal done


Dynamic libraries:
0x000000013f680000 - 0x000000013f6b3000 	C:\BMW\jdk1.7.0_55_x64\bin\javaw.exe
0x0000000077630000 - 0x00000000777d9000 	C:\windows\SYSTEM32\ntdll.dll
0x00000000772c0000 - 0x00000000773df000 	C:\windows\system32\kernel32.dll
0x000007fefddf0000 - 0x000007fefde5b000 	C:\windows\system32\KERNELBASE.dll
0x000007fefdfa0000 - 0x000007fefe07b000 	C:\windows\system32\ADVAPI32.dll
0x000007fefe800000 - 0x000007fefe89f000 	C:\windows\system32\msvcrt.dll
0x000007fefe6f0000 - 0x000007fefe70f000 	C:\windows\SYSTEM32\sechost.dll
0x000007fefe080000 - 0x000007fefe1ad000 	C:\windows\system32\RPCRT4.dll
0x0000000077530000 - 0x000000007762a000 	C:\windows\system32\USER32.dll
0x000007fefe790000 - 0x000007fefe7f7000 	C:\windows\system32\GDI32.dll
0x000007fefe600000 - 0x000007fefe60e000 	C:\windows\system32\LPK.dll
0x000007feff870000 - 0x000007feff939000 	C:\windows\system32\USP10.dll
0x000007fefbc30000 - 0x000007fefbe24000 	C:\windows\WinSxS\amd64_microsoft.windows.common-controls_6595b64144ccf1df_6.0.7601.17514_none_fa396087175ac9ac\COMCTL32.dll
0x000007fefe570000 - 0x000007fefe5e1000 	C:\windows\system32\SHLWAPI.dll
0x000007fefe1b0000 - 0x000007fefe1de000 	C:\windows\system32\IMM32.DLL
0x000007fefe460000 - 0x000007fefe569000 	C:\windows\system32\MSCTF.dll
0x0000000060070000 - 0x0000000060142000 	C:\BMW\jdk1.7.0_55_x64\jre\bin\msvcr100.dll
0x0000000055e20000 - 0x00000000565e9000 	C:\BMW\jdk1.7.0_55_x64\jre\bin\server\jvm.dll
0x000007fef90a0000 - 0x000007fef90a9000 	C:\windows\system32\WSOCK32.dll
0x000007fefe200000 - 0x000007fefe24d000 	C:\windows\system32\WS2_32.dll
0x000007fefe5f0000 - 0x000007fefe5f8000 	C:\windows\system32\NSI.dll
0x000007fefb670000 - 0x000007fefb6ab000 	C:\windows\system32\WINMM.dll
0x00000000777f0000 - 0x00000000777f7000 	C:\windows\system32\PSAPI.DLL
0x0000000072cc0000 - 0x0000000072ccf000 	C:\BMW\jdk1.7.0_55_x64\jre\bin\verify.dll
0x0000000072440000 - 0x0000000072468000 	C:\BMW\jdk1.7.0_55_x64\jre\bin\java.dll
0x000000005ff80000 - 0x000000005ffb5000 	C:\BMW\jdk1.7.0_55_x64\jre\bin\jdwp.dll
0x000000006a990000 - 0x000000006a998000 	C:\BMW\jdk1.7.0_55_x64\jre\bin\npt.dll
0x00000000723f0000 - 0x0000000072405000 	C:\BMW\jdk1.7.0_55_x64\jre\bin\zip.dll
0x000000006a970000 - 0x000000006a979000 	C:\BMW\jdk1.7.0_55_x64\jre\bin\dt_socket.dll
0x000007fefc4e0000 - 0x000007fefc4f5000 	C:\windows\system32\NLAapi.dll
0x000007fef9290000 - 0x000007fef92a5000 	C:\windows\system32\napinsp.dll
0x000007fef9270000 - 0x000007fef9289000 	C:\windows\system32\pnrpnsp.dll
0x000007fefd300000 - 0x000007fefd355000 	C:\windows\System32\mswsock.dll
0x000007fefd180000 - 0x000007fefd1db000 	C:\windows\system32\DNSAPI.dll
0x000007fef9770000 - 0x000007fef977b000 	C:\windows\System32\winrnr.dll
0x000007fef9260000 - 0x000007fef9270000 	C:\windows\system32\wshbth.dll
0x000007fefb0b0000 - 0x000007fefb0d7000 	C:\windows\system32\IPHLPAPI.DLL
0x000007fefb0a0000 - 0x000007fefb0ab000 	C:\windows\system32\WINNSI.DLL
0x000007fefaed0000 - 0x000007fefaf23000 	C:\windows\System32\fwpuclnt.dll
0x000007fef9040000 - 0x000007fef9048000 	C:\windows\system32\rasadhlp.dll
0x000007fefc8c0000 - 0x000007fefc8c7000 	C:\windows\System32\wshtcpip.dll
0x00000000723d0000 - 0x00000000723e9000 	C:\BMW\jdk1.7.0_55_x64\jre\bin\net.dll
0x000007fefd2f0000 - 0x000007fefd2f7000 	C:\windows\System32\wship6.dll
0x000007fefd550000 - 0x000007fefd567000 	C:\windows\system32\CRYPTSP.dll
0x000007fefd060000 - 0x000007fefd0a7000 	C:\windows\system32\rsaenh.dll
0x000007fefc9e0000 - 0x000007fefc9fe000 	C:\windows\system32\USERENV.dll
0x000007fefda90000 - 0x000007fefda9f000 	C:\windows\system32\profapi.dll
0x000007fefd9c0000 - 0x000007fefd9cf000 	C:\windows\system32\CRYPTBASE.dll
0x000007fefacb0000 - 0x000007fefacc8000 	C:\windows\system32\dhcpcsvc.DLL
0x000007fefabf0000 - 0x000007fefac01000 	C:\windows\system32\dhcpcsvc6.DLL
0x000000006aa10000 - 0x000000006aa21000 	C:\BMW\jdk1.7.0_55_x64\jre\bin\nio.dll
0x0000000072cd0000 - 0x0000000072cdb000 	C:\BMW\jdk1.7.0_55_x64\jre\bin\management.dll
0x000000006a9e0000 - 0x000000006aa04000 	C:\BMW\jdk1.7.0_55_x64\jre\bin\sunec.dll
0x000007fef9530000 - 0x000007fef9655000 	C:\windows\system32\dbghelp.dll

VM Arguments:
jvm_args: -agentlib:jdwp=transport=dt_socket,suspend=y,address=localhost:57007 -Dfile.encoding=Cp1252 
java_command: org.eclipse.jdt.internal.junit.runner.RemoteTestRunner -version 3 -port 57006 -testLoaderClass org.eclipse.jdt.internal.junit4.runner.JUnit4TestLoader -loaderpluginname org.eclipse.jdt.junit4.runtime -test es.everis.test.ejb.JpaArtMovementTest:testGetAll
Launcher Type: SUN_STANDARD

Environment Variables:
JAVA_HOME=C:\Program Files\Java\jdk1.8.0_60
CLASSPATH=C:\Tomcat\lib\servlet-api.jar
PATH=C:\BMW\jdk1.7.0_55_x64\jre\bin;C:\oraclexe\app\oracle\product\11.2.0\server\bin;;C:\app\formacion\product\11.2.0\dbhome_1\bin;C:\ProgramData\Oracle\Java\javapath;C:\windows\system32;C:\windows;C:\windows\System32\Wbem;C:\windows\System32\WindowsPowerShell\v1.0\;C:\Program Files (x86)\Microsoft Application Virtualization Client;C:\Tomcat\bin\C:\Program Files\Java\jdk1.8.0_60\bin;C:\Program Files (x86)\Common Files\ThinPrint\
USERNAME=formacion
OS=Windows_NT
PROCESSOR_IDENTIFIER=Intel64 Family 6 Model 61 Stepping 4, GenuineIntel



---------------  S Y S T E M  ---------------

OS: Windows 7 , 64 bit Build 7601 Service Pack 1

CPU:total 4 (2 cores per cpu, 2 threads per core) family 6 model 61 stepping 4, cmov, cx8, fxsr, mmx, sse, sse2, sse3, ssse3, sse4.1, sse4.2, popcnt, avx, avx2, aes, erms, ht, tsc, tscinvbit

Memory: 4k page, physical 8276640k(1571732k free), swap 16551416k(3494116k free)

vm_info: Java HotSpot(TM) 64-Bit Server VM (24.55-b03) for windows-amd64 JRE (1.7.0_55-b13), built on Mar 17 2014 19:45:30 by "java_re" with unknown MS VC++:1600

time: Fri Mar 25 00:51:21 2016
elapsed time: 46 seconds

